[2026-03-19T18:35:39.264+0000] {manager.py:469} INFO - Processing files using up to 2 processes at a time 
[2026-03-19T18:35:39.266+0000] {manager.py:470} INFO - Process each file at most once every 30 seconds
[2026-03-19T18:35:39.267+0000] {manager.py:471} INFO - Checking for new files in /opt/airflow/dags every 300 seconds
[2026-03-19T18:35:39.268+0000] {manager.py:738} INFO - Searching for files in /opt/airflow/dags
[2026-03-19T18:35:39.274+0000] {manager.py:741} INFO - There are 0 files in /opt/airflow/dags
[2026-03-19T18:40:40.223+0000] {manager.py:738} INFO - Searching for files in /opt/airflow/dags
[2026-03-19T18:40:40.243+0000] {manager.py:741} INFO - There are 1 files in /opt/airflow/dags
[2026-03-19T18:40:41.300+0000] {manager.py:879} INFO - 
================================================================================
DAG File Processing Stats

File Path                                    PID    Runtime      # DAGs    # Errors  Last Runtime    Last Run
-------------------------------------------  -----  ---------  --------  ----------  --------------  -------------------
/opt/airflow/dags/ecommerce_pipeline_dag.py                           0           1  0.11s           2026-03-19T18:40:40
================================================================================
[2026-03-19T18:41:11.548+0000] {manager.py:879} INFO - 
================================================================================
DAG File Processing Stats

File Path                                    PID    Runtime      # DAGs    # Errors  Last Runtime    Last Run
-------------------------------------------  -----  ---------  --------  ----------  --------------  -------------------
/opt/airflow/dags/ecommerce_pipeline_dag.py                           0           1  0.09s           2026-03-19T18:41:10
================================================================================
[2026-03-19T18:41:41.766+0000] {manager.py:879} INFO - 
================================================================================
DAG File Processing Stats

File Path                                    PID    Runtime      # DAGs    # Errors  Last Runtime    Last Run
-------------------------------------------  -----  ---------  --------  ----------  --------------  -------------------
/opt/airflow/dags/ecommerce_pipeline_dag.py                           1           0  0.46s           2026-03-19T18:41:38
================================================================================
[2026-03-19T18:42:12.395+0000] {manager.py:879} INFO - 
================================================================================
DAG File Processing Stats

File Path                                    PID    Runtime      # DAGs    # Errors  Last Runtime    Last Run
-------------------------------------------  -----  ---------  --------  ----------  --------------  -------------------
/opt/airflow/dags/ecommerce_pipeline_dag.py                           1           0  0.14s           2026-03-19T18:42:08
================================================================================
[2026-03-19T18:42:14.178+0000] {manager.py:451} INFO - Exiting gracefully upon receiving signal 15
